<?xml version="1.0" encoding="UTF-8"?>
<!-- Generated by org.testng.reporters.JUnitReportReporter -->
<testsuite hostname="DESKTOP-O2FO1ML" name="runnerPackage.TestRunner" tests="2" failures="0" timestamp="15 Sep 2020 12:59:20 GMT" time="103.844" errors="0">
  <testcase name="runScenario" time="44.728" classname="runnerPackage.TestRunner"/>
  <testcase name="runScenario" time="59.116" classname="runnerPackage.TestRunner"/>
</testsuite> <!-- runnerPackage.TestRunner -->
