<?xml version="1.0" encoding="UTF-8"?>
<!-- Generated by org.testng.reporters.JUnitReportReporter -->
<testsuite hostname="DESKTOP-O2FO1ML" name="runnerPackage.TestRunner" tests="2" failures="0" timestamp="18 Sep 2020 06:52:53 GMT" time="277.743" errors="0">
  <testcase name="runScenario" time="177.645" classname="runnerPackage.TestRunner"/>
  <testcase name="runScenario" time="100.098" classname="runnerPackage.TestRunner"/>
</testsuite> <!-- runnerPackage.TestRunner -->
